<?xml version="1.0" encoding="UTF-8"?>
<testsuite name="com.example.sprintproject.ExampleUnitTest" tests="1" skipped="0" failures="0" errors="0" timestamp="2024-10-12T15:10:03" hostname="DESKTOP-NC7N7RA" time="0.002">
  <properties/>
  <testcase name="addition_isCorrect" classname="com.example.sprintproject.ExampleUnitTest" time="0.002"/>
  <system-out><![CDATA[]]></system-out>
  <system-err><![CDATA[]]></system-err>
</testsuite>
