<?xml version='1.0' encoding='UTF-8' ?>
<testsuite name="com.example.sprintproject.LogisticsUtilsTest" tests="2" failures="0" errors="0" skipped="0" time="3.356" timestamp="2024-10-29T03:58:37" hostname="localhost">
  <properties>
    <property name="device" value="Medium_Phone_API_35(AVD) - 15" />
    <property name="flavor" value="" />
    <property name="project" value=":app" />
  </properties>
  <testcase name="testCardViewVisibilityToggle" classname="com.example.sprintproject.LogisticsUtilsTest" time="0.845" />
  <testcase name="testPieChartDataInitialization" classname="com.example.sprintproject.LogisticsUtilsTest" time="0.488" />
</testsuite>